platforms/android/build/outputs/logs/manifest-merger-debug-report.txt
-- Merging decision tree log ---
manifest
ADDED from platforms\android\AndroidManifest.xml:2:1-15:12
	package
		ADDED from platforms\android\AndroidManifest.xml:2:142-179
		INJECTED from platforms\android\AndroidManifest.xml
		INJECTED from platforms\android\AndroidManifest.xml
	android:versionName
		ADDED from platforms\android\AndroidManifest.xml:2:74-101
		INJECTED from platforms\android\AndroidManifest.xml
		INJECTED from platforms\android\AndroidManifest.xml
	android:hardwareAccelerated
		ADDED from platforms\android\AndroidManifest.xml:2:11-45
	android:windowSoftInputMode
		ADDED from platforms\android\AndroidManifest.xml:2:102-141
	android:versionCode
		ADDED from platforms\android\AndroidManifest.xml:2:46-73
		INJECTED from platforms\android\AndroidManifest.xml
		INJECTED from platforms\android\AndroidManifest.xml
	xmlns:android
		ADDED from platforms\android\AndroidManifest.xml:2:180-238
supports-screens
ADDED from platforms\android\AndroidManifest.xml:3:5-191
	android:largeScreens
		ADDED from platforms\android\AndroidManifest.xml:3:49-76
	android:smallScreens
		ADDED from platforms\android\AndroidManifest.xml:3:132-159
	android:normalScreens
		ADDED from platforms\android\AndroidManifest.xml:3:77-105
	android:xlargeScreens
		ADDED from platforms\android\AndroidManifest.xml:3:160-188
	android:resizeable
		ADDED from platforms\android\AndroidManifest.xml:3:106-131
	android:anyDensity
		ADDED from platforms\android\AndroidManifest.xml:3:23-48
uses-permission#android.permission.INTERNET
ADDED from platforms\android\AndroidManifest.xml:4:5-67
	android:name
		ADDED from platforms\android\AndroidManifest.xml:4:22-64
uses-sdk
ADDED from platforms\android\AndroidManifest.xml:5:5-74
MERGED from [android:CordovaLib:unspecified:debug] AndroidManifest.xml:25:5-44
	android:targetSdkVersion
		ADDED from platforms\android\AndroidManifest.xml:5:42-71
	android:minSdkVersion
		ADDED from platforms\android\AndroidManifest.xml:5:15-41
application
ADDED from platforms\android\AndroidManifest.xml:6:5-13:19
	android:label
		ADDED from platforms\android\AndroidManifest.xml:6:115-147
	android:hardwareAccelerated
		ADDED from platforms\android\AndroidManifest.xml:6:46-80
	android:allowBackup
		ADDED from platforms\android\AndroidManifest.xml:6:18-45
	android:icon
		ADDED from platforms\android\AndroidManifest.xml:6:81-114
activity#com.geeksong.MalifauxModels.Malifaux
ADDED from platforms\android\AndroidManifest.xml:7:9-12:20
	android:label
		ADDED from platforms\android\AndroidManifest.xml:7:97-129
	android:launchMode
		ADDED from platforms\android\AndroidManifest.xml:7:130-160
	android:configChanges
		ADDED from platforms\android\AndroidManifest.xml:7:19-96
	android:theme
		ADDED from platforms\android\AndroidManifest.xml:7:185-238
	android:name
		ADDED from platforms\android\AndroidManifest.xml:7:161-184
intent-filter#android.intent.action.MAIN+android.intent.category.LAUNCHER
ADDED from platforms\android\AndroidManifest.xml:8:13-11:29
action#android.intent.action.MAIN
ADDED from platforms\android\AndroidManifest.xml:9:17-69
	android:name
		ADDED from platforms\android\AndroidManifest.xml:9:25-66
category#android.intent.category.LAUNCHER
ADDED from platforms\android\AndroidManifest.xml:10:17-77
	android:name
		ADDED from platforms\android\AndroidManifest.xml:10:27-74
uses-permission#android.permission.WRITE_EXTERNAL_STORAGE
ADDED from platforms\android\AndroidManifest.xml:14:5-81
	android:name
		ADDED from platforms\android\AndroidManifest.xml:14:22-78